app/build/intermediates/manifest_merge_blame_file/debug/manifest-merger-blame-debug-report.txt
1<?xml version="1.0" encoding="utf-8"?>
2<manifest xmlns:android="http://schemas.android.com/apk/res/android"
3    package="lucidcode.LucidScribe.HaloVision"
4    android:versionCode="12"
5    android:versionName="1.2" >
6
7    <uses-sdk
7-->src\main\AndroidManifest.xml:7:5-47
8        android:minSdkVersion="8"
8-->src\main\AndroidManifest.xml:7:5-47
9        android:targetSdkVersion="14" />
9-->src\main\AndroidManifest.xml:7:15-44
10
11    <permission android:name="net.dinglisch.android.tasker.PERMISSION_RUN_TASKS" />
11-->src\main\AndroidManifest.xml:9:5-86
11-->src\main\AndroidManifest.xml:9:17-83
12
13    <uses-feature android:name="android.hardware.camera" />
13-->src\main\AndroidManifest.xml:11:5-59
13-->src\main\AndroidManifest.xml:11:19-57
14
15    <uses-permission android:name="android.permission.ACCESS_NETWORK_STATE" />
15-->src\main\AndroidManifest.xml:12:5-78
15-->src\main\AndroidManifest.xml:12:22-76
16    <uses-permission android:name="android.permission.CAMERA" />
16-->src\main\AndroidManifest.xml:13:5-65
16-->src\main\AndroidManifest.xml:13:22-62
17    <uses-permission android:name="android.permission.INTERNET" />
17-->src\main\AndroidManifest.xml:14:5-67
17-->src\main\AndroidManifest.xml:14:22-64
18    <uses-permission android:name="android.permission.WRITE_EXTERNAL_STORAGE" />
18-->src\main\AndroidManifest.xml:15:5-81
18-->src\main\AndroidManifest.xml:15:22-78
19    <uses-permission android:name="android.permission.WAKE_LOCK" />
19-->src\main\AndroidManifest.xml:16:5-68
19-->src\main\AndroidManifest.xml:16:22-65
20    <uses-permission android:name="com.android.vending.BILLING" />
20-->src\main\AndroidManifest.xml:17:5-67
20-->src\main\AndroidManifest.xml:17:22-64
21    <uses-permission android:name="net.dinglisch.android.tasker.PERMISSION_RUN_TASKS" />
21-->src\main\AndroidManifest.xml:18:5-89
21-->src\main\AndroidManifest.xml:18:22-86
22
23    <application
23-->src\main\AndroidManifest.xml:20:5-44:19
24        android:debuggable="true"
25        android:icon="@drawable/icon"
25-->src\main\AndroidManifest.xml:21:9-38
26        android:label="@string/app_name"
26-->src\main\AndroidManifest.xml:22:9-41
27        android:testOnly="true" >
28        <activity
28-->src\main\AndroidManifest.xml:23:9-31:20
29            android:name="lucidcode.LucidScribe.HaloVision.MotionMonitor"
29-->src\main\AndroidManifest.xml:25:13-41
30            android:configChanges="orientation|keyboardHidden|keyboard|screenSize|locale"
30-->src\main\AndroidManifest.xml:26:13-90
31            android:label="Halovision" >
31-->src\main\AndroidManifest.xml:24:13-39
32            <intent-filter>
32-->src\main\AndroidManifest.xml:27:13-30:29
33                <action android:name="android.intent.action.MAIN" />
33-->src\main\AndroidManifest.xml:28:17-69
33-->src\main\AndroidManifest.xml:28:25-66
34
35                <category android:name="android.intent.category.LAUNCHER" />
35-->src\main\AndroidManifest.xml:29:17-77
35-->src\main\AndroidManifest.xml:29:27-74
36            </intent-filter>
37        </activity>
38        <activity
38-->src\main\AndroidManifest.xml:32:9-35:20
39            android:name="lucidcode.LucidScribe.HaloVision.VisionActivity"
39-->src\main\AndroidManifest.xml:32:57-86
40            android:label="Halovision"
40-->src\main\AndroidManifest.xml:33:19-45
41            android:screenOrientation="landscape"
41-->src\main\AndroidManifest.xml:32:19-56
42            android:theme="@android:style/Theme.NoTitleBar.Fullscreen" >
42-->src\main\AndroidManifest.xml:34:19-77
43        </activity>
44        <activity
44-->src\main\AndroidManifest.xml:36:9-39:20
45            android:name="lucidcode.LucidScribe.HaloVision.VisionActivitySmall"
45-->src\main\AndroidManifest.xml:36:57-91
46            android:label="Halovision"
46-->src\main\AndroidManifest.xml:37:19-45
47            android:screenOrientation="landscape"
47-->src\main\AndroidManifest.xml:36:19-56
48            android:theme="@android:style/Theme.NoTitleBar" >
48-->src\main\AndroidManifest.xml:38:19-66
49        </activity>
50        <activity
50-->src\main\AndroidManifest.xml:40:9-43:20
51            android:name="lucidcode.LucidScribe.HaloVision.LucidScribeStoreActivity"
51-->src\main\AndroidManifest.xml:40:56-95
52            android:label="Lucid Scribe - Halovision"
52-->src\main\AndroidManifest.xml:41:19-60
53            android:screenOrientation="portrait"
53-->src\main\AndroidManifest.xml:40:19-55
54            android:theme="@style/Theme.Transparent" >
54-->src\main\AndroidManifest.xml:42:19-59
55        </activity>
56    </application>
57
58</manifest>